<?xml version="1.0" encoding="UTF-8"?>
<!-- Generated by org.testng.reporters.JUnitXMLReporter -->
<testsuite ignored="0" hostname="ampc41-All-Series" failures="0" tests="14" name="99 flows test cases" time="73.209" errors="0" timestamp="2022-07-18T14:51:36 IST">
  <testcase classname="com.app.testcases.loginPageTest" name="loginPageTitleTest" time="0.026"/>
  <testcase classname="com.app.testcases.loginPageTest" name="loginTest" time="0.302"/>
  <testcase classname="com.app.testcases.HomePageTest" name="HomePagetitleTest" time="0.015"/>
  <testcase classname="com.app.testcases.HomePageTest" name="verifyHomepageInboxTest" time="0.85"/>
  <testcase classname="com.app.testcases.HomePageTest" name="clickonFlowsTest" time="0.828"/>
  <testcase classname="com.app.testcases.HomePageTest" name="clickOnDatasetTest" time="0.845"/>
  <testcase classname="com.app.testcases.HomePageTest" name="verifyProfileImageTest" time="0.564"/>
  <testcase classname="com.app.testcases.HomePageTest" name="createFlowTest" time="4.328"/>
  <testcase classname="com.app.testcases.HomePageTest" name="createFlowTest" time="4.368"/>
  <testcase classname="com.app.testcases.flowsPageTest" name="clickonFlowsTest" time="0.676"/>
  <testcase classname="com.app.testcases.flowsPageTest" name="verifyNameflowTest" time="0.947"/>
  <testcase classname="com.app.testcases.flowsPageTest" name="verifyClickOnCreateFlowTest" time="3.772"/>
  <testcase classname="com.app.testcases.flowsPageTest" name="verifycreateFlowNameTest" time="4.083"/>
  <testcase classname="com.app.testcases.datasetPageTest" name="verifyNameDatasetTest" time="0.678"/>
</testsuite> <!-- 99 flows test cases -->
