<?xml version="1.0" encoding="UTF-8"?>
<!-- Generated by org.testng.reporters.JUnitXMLReporter -->
<testsuite ignored="0" hostname="ampc41-All-Series" failures="0" tests="3" name="Default test" time="12.012" errors="0" timestamp="2022-07-12T11:54:52 IST">
  <testcase classname="com.app.testcases.HomePageTest" name="HomePagetitleTest" time="0.025"/>
  <testcase classname="com.app.testcases.HomePageTest" name="verifyHomepageInboxTest" time="0.749"/>
  <testcase classname="com.app.testcases.HomePageTest" name="verifyProfileImageTest" time="0.61"/>
</testsuite> <!-- Default test -->
